[2022-03-30T05:53:35.043Z] Validating found git in: git
[2022-03-30T05:53:35.085Z] Using git 1.8.3.1 from git
[2022-03-30T05:57:09.733Z] > git rev-parse --git-dir [2ms]
[2022-03-30T05:57:09.743Z] Open repository: /home/csmajs/mvong006
[2022-03-30T05:57:10.211Z] > git symbolic-ref --short HEAD [2ms]
[2022-03-30T05:57:10.217Z] > git for-each-ref --format=%(refname)%00%(upstream:short)%00%(objectname) refs/heads/master refs/remotes/master [3ms]
[2022-03-30T05:57:10.224Z] > git for-each-ref --sort -committerdate --format %(refname) %(objectname) %(*objectname) [4ms]
[2022-03-30T05:57:10.225Z] > git remote --verbose [2ms]
[2022-03-30T05:57:10.316Z] > git config --get commit.template [2ms]
[2022-03-30T05:57:10.329Z] > git ls-files --stage -- /home/csmajs/mvong006/calc_task4.lex [2ms]
[2022-03-30T05:57:15.525Z] > git symbolic-ref --short HEAD [2ms]
[2022-03-30T05:57:15.532Z] > git for-each-ref --format=%(refname)%00%(upstream:short)%00%(objectname) refs/heads/master refs/remotes/master [3ms]
[2022-03-30T05:57:15.544Z] > git for-each-ref --sort -committerdate --format %(refname) %(objectname) %(*objectname) [8ms]
[2022-03-30T05:57:15.545Z] > git remote --verbose [3ms]
[2022-03-30T05:57:15.609Z] > git config --get commit.template [1ms]
[2022-03-30T05:57:20.837Z] > git symbolic-ref --short HEAD [1ms]
[2022-03-30T05:57:20.844Z] > git for-each-ref --format=%(refname)%00%(upstream:short)%00%(objectname) refs/heads/master refs/remotes/master [2ms]
[2022-03-30T05:57:20.853Z] > git for-each-ref --sort -committerdate --format %(refname) %(objectname) %(*objectname) [5ms]
[2022-03-30T05:57:20.854Z] > git remote --verbose [2ms]
[2022-03-30T05:57:20.900Z] > git config --get commit.template [2ms]
[2022-03-30T05:57:25.259Z] > git ls-files --stage -- /home/csmajs/mvong006/calc_task4.lex [2ms]
[2022-03-30T05:57:26.649Z] > git symbolic-ref --short HEAD [2ms]
[2022-03-30T05:57:26.655Z] > git for-each-ref --format=%(refname)%00%(upstream:short)%00%(objectname) refs/heads/master refs/remotes/master [2ms]
[2022-03-30T05:57:26.668Z] > git for-each-ref --sort -committerdate --format %(refname) %(objectname) %(*objectname) [8ms]
[2022-03-30T05:57:26.670Z] > git remote --verbose [3ms]
[2022-03-30T05:57:26.731Z] > git config --get commit.template [3ms]
[2022-03-30T05:57:31.963Z] > git symbolic-ref --short HEAD [2ms]
[2022-03-30T05:57:31.971Z] > git for-each-ref --format=%(refname)%00%(upstream:short)%00%(objectname) refs/heads/master refs/remotes/master [3ms]
[2022-03-30T05:57:31.981Z] > git for-each-ref --sort -committerdate --format %(refname) %(objectname) %(*objectname) [6ms]
[2022-03-30T05:57:31.983Z] > git remote --verbose [3ms]
[2022-03-30T05:57:32.047Z] > git config --get commit.template [2ms]
[2022-03-30T05:57:55.578Z] > git symbolic-ref --short HEAD [2ms]
[2022-03-30T05:57:55.585Z] > git for-each-ref --format=%(refname)%00%(upstream:short)%00%(objectname) refs/heads/master refs/remotes/master [2ms]
[2022-03-30T05:57:55.595Z] > git for-each-ref --sort -committerdate --format %(refname) %(objectname) %(*objectname) [5ms]
[2022-03-30T05:57:55.596Z] > git remote --verbose [2ms]
[2022-03-30T05:57:55.643Z] > git config --get commit.template [2ms]
[2022-03-30T05:58:09.131Z] > git symbolic-ref --short HEAD [2ms]
[2022-03-30T05:58:09.137Z] > git for-each-ref --format=%(refname)%00%(upstream:short)%00%(objectname) refs/heads/master refs/remotes/master [3ms]
[2022-03-30T05:58:09.145Z] > git for-each-ref --sort -committerdate --format %(refname) %(objectname) %(*objectname) [5ms]
[2022-03-30T05:58:09.146Z] > git remote --verbose [2ms]
[2022-03-30T05:58:09.203Z] > git config --get commit.template [2ms]
[2022-03-30T05:58:14.450Z] > git symbolic-ref --short HEAD [2ms]
[2022-03-30T05:58:14.456Z] > git for-each-ref --format=%(refname)%00%(upstream:short)%00%(objectname) refs/heads/master refs/remotes/master [2ms]
[2022-03-30T05:58:14.465Z] > git for-each-ref --sort -committerdate --format %(refname) %(objectname) %(*objectname) [5ms]
[2022-03-30T05:58:14.466Z] > git remote --verbose [2ms]
[2022-03-30T05:58:14.513Z] > git config --get commit.template [2ms]
[2022-03-30T05:58:19.746Z] > git symbolic-ref --short HEAD [2ms]
[2022-03-30T05:58:19.753Z] > git for-each-ref --format=%(refname)%00%(upstream:short)%00%(objectname) refs/heads/master refs/remotes/master [2ms]
[2022-03-30T05:58:19.765Z] > git for-each-ref --sort -committerdate --format %(refname) %(objectname) %(*objectname) [8ms]
[2022-03-30T05:58:19.766Z] > git remote --verbose [2ms]
[2022-03-30T05:58:19.814Z] > git config --get commit.template [2ms]
[2022-03-30T05:58:25.075Z] > git symbolic-ref --short HEAD [2ms]
[2022-03-30T05:58:25.083Z] > git for-each-ref --format=%(refname)%00%(upstream:short)%00%(objectname) refs/heads/master refs/remotes/master [3ms]
[2022-03-30T05:58:25.101Z] > git for-each-ref --sort -committerdate --format %(refname) %(objectname) %(*objectname) [13ms]
[2022-03-30T05:58:25.102Z] > git remote --verbose [6ms]
[2022-03-30T05:58:25.148Z] > git config --get commit.template [2ms]
[2022-03-30T05:58:41.204Z] > git symbolic-ref --short HEAD [2ms]
[2022-03-30T05:58:41.211Z] > git for-each-ref --format=%(refname)%00%(upstream:short)%00%(objectname) refs/heads/master refs/remotes/master [3ms]
[2022-03-30T05:58:41.224Z] > git for-each-ref --sort -committerdate --format %(refname) %(objectname) %(*objectname) [9ms]
[2022-03-30T05:58:41.224Z] > git remote --verbose [1ms]
[2022-03-30T05:58:41.270Z] > git config --get commit.template [2ms]
[2022-03-30T05:58:46.527Z] > git symbolic-ref --short HEAD [2ms]
[2022-03-30T05:58:46.535Z] > git for-each-ref --format=%(refname)%00%(upstream:short)%00%(objectname) refs/heads/master refs/remotes/master [3ms]
[2022-03-30T05:58:46.549Z] > git for-each-ref --sort -committerdate --format %(refname) %(objectname) %(*objectname) [9ms]
[2022-03-30T05:58:46.554Z] > git remote --verbose [7ms]
[2022-03-30T05:58:46.601Z] > git config --get commit.template [2ms]
[2022-03-30T05:58:51.858Z] > git symbolic-ref --short HEAD [2ms]
[2022-03-30T05:58:51.865Z] > git for-each-ref --format=%(refname)%00%(upstream:short)%00%(objectname) refs/heads/master refs/remotes/master [2ms]
[2022-03-30T05:58:51.878Z] > git for-each-ref --sort -committerdate --format %(refname) %(objectname) %(*objectname) [9ms]
[2022-03-30T05:58:51.879Z] > git remote --verbose [2ms]
[2022-03-30T05:58:51.923Z] > git config --get commit.template [2ms]
[2022-03-30T05:58:58.682Z] > git symbolic-ref --short HEAD [3ms]
[2022-03-30T05:58:58.689Z] > git for-each-ref --format=%(refname)%00%(upstream:short)%00%(objectname) refs/heads/master refs/remotes/master [3ms]
[2022-03-30T05:58:58.701Z] > git for-each-ref --sort -committerdate --format %(refname) %(objectname) %(*objectname) [8ms]
[2022-03-30T05:58:58.716Z] > git remote --verbose [16ms]
[2022-03-30T05:58:58.760Z] > git ls-files --stage -- /home/csmajs/mvong006/lab1/calc_task4.lex [46ms]
[2022-03-30T05:58:58.762Z] > git config --get commit.template [3ms]
[2022-03-30T05:59:04.127Z] > git symbolic-ref --short HEAD [3ms]
[2022-03-30T05:59:04.143Z] > git for-each-ref --format=%(refname)%00%(upstream:short)%00%(objectname) refs/heads/master refs/remotes/master [12ms]
[2022-03-30T05:59:04.156Z] > git for-each-ref --sort -committerdate --format %(refname) %(objectname) %(*objectname) [8ms]
[2022-03-30T05:59:04.157Z] > git remote --verbose [2ms]
[2022-03-30T05:59:04.208Z] > git config --get commit.template [7ms]
[2022-03-30T05:59:09.443Z] > git symbolic-ref --short HEAD [2ms]
[2022-03-30T05:59:09.451Z] > git for-each-ref --format=%(refname)%00%(upstream:short)%00%(objectname) refs/heads/master refs/remotes/master [3ms]
[2022-03-30T05:59:09.461Z] > git for-each-ref --sort -committerdate --format %(refname) %(objectname) %(*objectname) [5ms]
[2022-03-30T05:59:09.462Z] > git remote --verbose [2ms]
[2022-03-30T05:59:09.508Z] > git config --get commit.template [2ms]
[2022-03-30T05:59:14.767Z] > git symbolic-ref --short HEAD [3ms]
[2022-03-30T05:59:14.774Z] > git for-each-ref --format=%(refname)%00%(upstream:short)%00%(objectname) refs/heads/master refs/remotes/master [3ms]
[2022-03-30T05:59:14.787Z] > git for-each-ref --sort -committerdate --format %(refname) %(objectname) %(*objectname) [9ms]
[2022-03-30T05:59:14.788Z] > git remote --verbose [2ms]
[2022-03-30T05:59:14.834Z] > git config --get commit.template [2ms]
[2022-03-30T05:59:20.087Z] > git symbolic-ref --short HEAD [2ms]
[2022-03-30T05:59:20.094Z] > git for-each-ref --format=%(refname)%00%(upstream:short)%00%(objectname) refs/heads/master refs/remotes/master [2ms]
[2022-03-30T05:59:20.109Z] > git for-each-ref --sort -committerdate --format %(refname) %(objectname) %(*objectname) [9ms]
[2022-03-30T05:59:20.110Z] > git remote --verbose [2ms]
[2022-03-30T05:59:20.154Z] > git config --get commit.template [4ms]
[2022-03-30T05:59:24.543Z] > git symbolic-ref --short HEAD [2ms]
[2022-03-30T05:59:24.552Z] > git for-each-ref --format=%(refname)%00%(upstream:short)%00%(objectname) refs/heads/master refs/remotes/master [3ms]
[2022-03-30T05:59:24.568Z] > git for-each-ref --sort -committerdate --format %(refname) %(objectname) %(*objectname) [10ms]
[2022-03-30T05:59:24.570Z] > git remote --verbose [3ms]
[2022-03-30T05:59:24.615Z] > git config --get commit.template [3ms]
[2022-03-30T05:59:29.877Z] > git symbolic-ref --short HEAD [2ms]
[2022-03-30T05:59:29.886Z] > git for-each-ref --format=%(refname)%00%(upstream:short)%00%(objectname) refs/heads/master refs/remotes/master [3ms]
[2022-03-30T05:59:29.901Z] > git for-each-ref --sort -committerdate --format %(refname) %(objectname) %(*objectname) [10ms]
[2022-03-30T05:59:29.903Z] > git remote --verbose [3ms]
[2022-03-30T05:59:29.949Z] > git config --get commit.template [2ms]
[2022-03-30T05:59:37.045Z] > git symbolic-ref --short HEAD [2ms]
[2022-03-30T05:59:37.053Z] > git for-each-ref --format=%(refname)%00%(upstream:short)%00%(objectname) refs/heads/master refs/remotes/master [3ms]
[2022-03-30T05:59:37.068Z] > git for-each-ref --sort -committerdate --format %(refname) %(objectname) %(*objectname) [10ms]
[2022-03-30T05:59:37.069Z] > git remote --verbose [2ms]
[2022-03-30T05:59:37.124Z] > git config --get commit.template [2ms]
[2022-03-30T05:59:38.437Z] > git ls-files --stage -- /home/csmajs/mvong006/lab1/calc_task4.lex [11ms]
[2022-03-30T05:59:38.446Z] > git cat-file -s 41e763f0a9edf532f5c1f1ce2c0e57db4d5e8812 [3ms]
[2022-03-30T05:59:45.037Z] > git symbolic-ref --short HEAD [3ms]
[2022-03-30T05:59:45.045Z] > git for-each-ref --format=%(refname)%00%(upstream:short)%00%(objectname) refs/heads/master refs/remotes/master [3ms]
[2022-03-30T05:59:45.061Z] > git for-each-ref --sort -committerdate --format %(refname) %(objectname) %(*objectname) [10ms]
[2022-03-30T05:59:45.063Z] > git remote --verbose [3ms]
[2022-03-30T05:59:45.108Z] > git config --get commit.template [1ms]
[2022-03-30T05:59:47.146Z] > git ls-files --stage -- /home/csmajs/mvong006/lab1/calc_task4.lex [11ms]
[2022-03-30T05:59:47.154Z] > git cat-file -s 41e763f0a9edf532f5c1f1ce2c0e57db4d5e8812 [2ms]
[2022-03-30T05:59:50.388Z] > git symbolic-ref --short HEAD [2ms]
[2022-03-30T05:59:50.396Z] > git for-each-ref --format=%(refname)%00%(upstream:short)%00%(objectname) refs/heads/master refs/remotes/master [2ms]
[2022-03-30T05:59:50.408Z] > git for-each-ref --sort -committerdate --format %(refname) %(objectname) %(*objectname) [6ms]
[2022-03-30T05:59:50.409Z] > git remote --verbose [2ms]
[2022-03-30T05:59:50.464Z] > git config --get commit.template [3ms]
[2022-03-30T05:59:52.503Z] > git ls-files --stage -- /home/csmajs/mvong006/lab1/calc_task4.lex [11ms]
[2022-03-30T05:59:52.536Z] > git cat-file -s 41e763f0a9edf532f5c1f1ce2c0e57db4d5e8812 [28ms]
[2022-03-30T05:59:55.740Z] > git symbolic-ref --short HEAD [2ms]
[2022-03-30T05:59:55.748Z] > git for-each-ref --format=%(refname)%00%(upstream:short)%00%(objectname) refs/heads/master refs/remotes/master [3ms]
[2022-03-30T05:59:55.763Z] > git for-each-ref --sort -committerdate --format %(refname) %(objectname) %(*objectname) [10ms]
[2022-03-30T05:59:55.764Z] > git remote --verbose [2ms]
[2022-03-30T05:59:55.811Z] > git config --get commit.template [2ms]
[2022-03-30T05:59:58.520Z] > git ls-files --stage -- /home/csmajs/mvong006/lab1/calc_task4.lex [6ms]
[2022-03-30T05:59:58.527Z] > git cat-file -s 41e763f0a9edf532f5c1f1ce2c0e57db4d5e8812 [2ms]
[2022-03-30T06:00:02.726Z] > git symbolic-ref --short HEAD [2ms]
[2022-03-30T06:00:02.734Z] > git for-each-ref --format=%(refname)%00%(upstream:short)%00%(objectname) refs/heads/master refs/remotes/master [3ms]
[2022-03-30T06:00:02.746Z] > git for-each-ref --sort -committerdate --format %(refname) %(objectname) %(*objectname) [6ms]
[2022-03-30T06:00:02.747Z] > git remote --verbose [2ms]
[2022-03-30T06:00:02.767Z] > git config --get commit.template [1ms]
[2022-03-30T06:00:03.763Z] > git ls-files --stage -- /home/csmajs/mvong006/lab1/calc_task4.lex [11ms]
[2022-03-30T06:00:03.770Z] > git cat-file -s 41e763f0a9edf532f5c1f1ce2c0e57db4d5e8812 [2ms]
[2022-03-30T06:00:08.043Z] > git symbolic-ref --short HEAD [2ms]
[2022-03-30T06:00:08.053Z] > git for-each-ref --format=%(refname)%00%(upstream:short)%00%(objectname) refs/heads/master refs/remotes/master [5ms]
[2022-03-30T06:00:08.063Z] > git for-each-ref --sort -committerdate --format %(refname) %(objectname) %(*objectname) [5ms]
[2022-03-30T06:00:08.065Z] > git remote --verbose [3ms]
[2022-03-30T06:00:08.073Z] > git config --get commit.template [2ms]
[2022-03-30T06:00:09.079Z] > git ls-files --stage -- /home/csmajs/mvong006/lab1/calc_task4.lex [11ms]
[2022-03-30T06:00:09.087Z] > git cat-file -s 41e763f0a9edf532f5c1f1ce2c0e57db4d5e8812 [2ms]
[2022-03-30T06:00:13.365Z] > git symbolic-ref --short HEAD [1ms]
[2022-03-30T06:00:13.374Z] > git for-each-ref --format=%(refname)%00%(upstream:short)%00%(objectname) refs/heads/master refs/remotes/master [4ms]
[2022-03-30T06:00:13.385Z] > git for-each-ref --sort -committerdate --format %(refname) %(objectname) %(*objectname) [6ms]
[2022-03-30T06:00:13.386Z] > git remote --verbose [2ms]
[2022-03-30T06:00:13.393Z] > git config --get commit.template [1ms]
[2022-03-30T06:00:14.403Z] > git ls-files --stage -- /home/csmajs/mvong006/lab1/calc_task4.lex [11ms]
[2022-03-30T06:00:14.412Z] > git cat-file -s 41e763f0a9edf532f5c1f1ce2c0e57db4d5e8812 [3ms]
[2022-03-30T06:00:18.705Z] > git symbolic-ref --short HEAD [2ms]
[2022-03-30T06:00:18.713Z] > git for-each-ref --format=%(refname)%00%(upstream:short)%00%(objectname) refs/heads/master refs/remotes/master [3ms]
[2022-03-30T06:00:18.723Z] > git for-each-ref --sort -committerdate --format %(refname) %(objectname) %(*objectname) [5ms]
[2022-03-30T06:00:18.725Z] > git remote --verbose [3ms]
[2022-03-30T06:00:18.732Z] > git config --get commit.template [2ms]
[2022-03-30T06:00:19.706Z] > git ls-files --stage -- /home/csmajs/mvong006/lab1/calc_task4.lex [12ms]
[2022-03-30T06:00:19.717Z] > git cat-file -s 41e763f0a9edf532f5c1f1ce2c0e57db4d5e8812 [5ms]
[2022-03-30T06:00:47.122Z] > git symbolic-ref --short HEAD [2ms]
[2022-03-30T06:00:47.129Z] > git for-each-ref --format=%(refname)%00%(upstream:short)%00%(objectname) refs/heads/master refs/remotes/master [4ms]
[2022-03-30T06:00:47.137Z] > git for-each-ref --sort -committerdate --format %(refname) %(objectname) %(*objectname) [5ms]
[2022-03-30T06:00:47.138Z] > git remote --verbose [2ms]
[2022-03-30T06:00:47.144Z] > git config --get commit.template [2ms]
[2022-03-30T06:00:48.128Z] > git ls-files --stage -- /home/csmajs/mvong006/lab1/calc_task4.lex [12ms]
[2022-03-30T06:00:48.134Z] > git cat-file -s 41e763f0a9edf532f5c1f1ce2c0e57db4d5e8812 [2ms]
[2022-03-30T06:00:52.423Z] > git symbolic-ref --short HEAD [2ms]
[2022-03-30T06:00:52.430Z] > git for-each-ref --format=%(refname)%00%(upstream:short)%00%(objectname) refs/heads/master refs/remotes/master [3ms]
[2022-03-30T06:00:52.438Z] > git for-each-ref --sort -committerdate --format %(refname) %(objectname) %(*objectname) [5ms]
[2022-03-30T06:00:52.439Z] > git remote --verbose [2ms]
[2022-03-30T06:00:52.445Z] > git config --get commit.template [2ms]
[2022-03-30T06:00:53.951Z] > git ls-files --stage -- /home/csmajs/mvong006/lab1/calc_task4.lex [12ms]
[2022-03-30T06:00:53.958Z] > git cat-file -s 41e763f0a9edf532f5c1f1ce2c0e57db4d5e8812 [2ms]
[2022-03-30T06:00:57.704Z] > git symbolic-ref --short HEAD [2ms]
[2022-03-30T06:00:57.711Z] > git for-each-ref --format=%(refname)%00%(upstream:short)%00%(objectname) refs/heads/master refs/remotes/master [3ms]
[2022-03-30T06:00:57.719Z] > git for-each-ref --sort -committerdate --format %(refname) %(objectname) %(*objectname) [4ms]
[2022-03-30T06:00:57.720Z] > git remote --verbose [2ms]
[2022-03-30T06:00:57.728Z] > git config --get commit.template [3ms]
[2022-03-30T06:00:58.745Z] > git ls-files --stage -- /home/csmajs/mvong006/lab1/calc_task4.lex [11ms]
[2022-03-30T06:00:58.752Z] > git cat-file -s 41e763f0a9edf532f5c1f1ce2c0e57db4d5e8812 [3ms]
[2022-03-30T06:01:03.241Z] > git symbolic-ref --short HEAD [3ms]
[2022-03-30T06:01:03.248Z] > git for-each-ref --format=%(refname)%00%(upstream:short)%00%(objectname) refs/heads/master refs/remotes/master [4ms]
[2022-03-30T06:01:03.256Z] > git for-each-ref --sort -committerdate --format %(refname) %(objectname) %(*objectname) [4ms]
[2022-03-30T06:01:03.258Z] > git remote --verbose [3ms]
[2022-03-30T06:01:03.264Z] > git config --get commit.template [2ms]
[2022-03-30T06:01:14.522Z] > git ls-files --stage -- /home/csmajs/mvong006/lab1/calc_task4.lex [14ms]
[2022-03-30T06:01:14.528Z] > git cat-file -s 41e763f0a9edf532f5c1f1ce2c0e57db4d5e8812 [2ms]
[2022-03-30T06:01:14.926Z] > git symbolic-ref --short HEAD [3ms]
[2022-03-30T06:01:14.933Z] > git for-each-ref --format=%(refname)%00%(upstream:short)%00%(objectname) refs/heads/master refs/remotes/master [4ms]
[2022-03-30T06:01:14.946Z] > git for-each-ref --sort -committerdate --format %(refname) %(objectname) %(*objectname) [9ms]
[2022-03-30T06:01:14.947Z] > git remote --verbose [3ms]
[2022-03-30T06:01:14.954Z] > git config --get commit.template [2ms]
[2022-03-30T06:01:15.978Z] > git ls-files --stage -- /home/csmajs/mvong006/lab1/calc_task4.lex [11ms]
[2022-03-30T06:01:15.983Z] > git cat-file -s 41e763f0a9edf532f5c1f1ce2c0e57db4d5e8812 [2ms]
[2022-03-30T06:01:20.243Z] > git symbolic-ref --short HEAD [3ms]
[2022-03-30T06:01:20.251Z] > git for-each-ref --format=%(refname)%00%(upstream:short)%00%(objectname) refs/heads/master refs/remotes/master [4ms]
[2022-03-30T06:01:20.260Z] > git for-each-ref --sort -committerdate --format %(refname) %(objectname) %(*objectname) [5ms]
[2022-03-30T06:01:20.262Z] > git remote --verbose [3ms]
[2022-03-30T06:01:20.269Z] > git config --get commit.template [2ms]
[2022-03-30T06:01:21.243Z] > git ls-files --stage -- /home/csmajs/mvong006/lab1/calc_task4.lex [11ms]
[2022-03-30T06:01:21.250Z] > git cat-file -s 41e763f0a9edf532f5c1f1ce2c0e57db4d5e8812 [2ms]
[2022-03-30T06:01:25.567Z] > git symbolic-ref --short HEAD [2ms]
[2022-03-30T06:01:25.574Z] > git for-each-ref --format=%(refname)%00%(upstream:short)%00%(objectname) refs/heads/master refs/remotes/master [3ms]
[2022-03-30T06:01:25.582Z] > git for-each-ref --sort -committerdate --format %(refname) %(objectname) %(*objectname) [5ms]
[2022-03-30T06:01:25.583Z] > git remote --verbose [2ms]
[2022-03-30T06:01:25.589Z] > git config --get commit.template [2ms]
[2022-03-30T06:01:26.565Z] > git ls-files --stage -- /home/csmajs/mvong006/lab1/calc_task4.lex [11ms]
[2022-03-30T06:01:26.570Z] > git cat-file -s 41e763f0a9edf532f5c1f1ce2c0e57db4d5e8812 [2ms]
[2022-03-30T06:01:30.864Z] > git symbolic-ref --short HEAD [2ms]
[2022-03-30T06:01:30.872Z] > git for-each-ref --format=%(refname)%00%(upstream:short)%00%(objectname) refs/heads/master refs/remotes/master [4ms]
[2022-03-30T06:01:30.880Z] > git for-each-ref --sort -committerdate --format %(refname) %(objectname) %(*objectname) [5ms]
[2022-03-30T06:01:30.882Z] > git remote --verbose [3ms]
[2022-03-30T06:01:30.888Z] > git config --get commit.template [2ms]
[2022-03-30T06:01:31.887Z] > git ls-files --stage -- /home/csmajs/mvong006/lab1/calc_task4.lex [11ms]
[2022-03-30T06:01:31.893Z] > git cat-file -s 41e763f0a9edf532f5c1f1ce2c0e57db4d5e8812 [2ms]
[2022-03-30T06:01:36.175Z] > git symbolic-ref --short HEAD [2ms]
[2022-03-30T06:01:36.182Z] > git for-each-ref --format=%(refname)%00%(upstream:short)%00%(objectname) refs/heads/master refs/remotes/master [4ms]
[2022-03-30T06:01:36.190Z] > git for-each-ref --sort -committerdate --format %(refname) %(objectname) %(*objectname) [5ms]
[2022-03-30T06:01:36.191Z] > git remote --verbose [2ms]
[2022-03-30T06:01:36.198Z] > git config --get commit.template [2ms]
[2022-03-30T06:01:38.657Z] > git ls-files --stage -- /home/csmajs/mvong006/lab1/calc_task4.lex [11ms]
[2022-03-30T06:01:38.663Z] > git cat-file -s 41e763f0a9edf532f5c1f1ce2c0e57db4d5e8812 [3ms]
[2022-03-30T06:01:41.491Z] > git symbolic-ref --short HEAD [2ms]
[2022-03-30T06:01:41.498Z] > git for-each-ref --format=%(refname)%00%(upstream:short)%00%(objectname) refs/heads/master refs/remotes/master [3ms]
[2022-03-30T06:01:41.506Z] > git for-each-ref --sort -committerdate --format %(refname) %(objectname) %(*objectname) [5ms]
[2022-03-30T06:01:41.507Z] > git remote --verbose [2ms]
[2022-03-30T06:01:41.513Z] > git config --get commit.template [2ms]
[2022-03-30T06:01:43.477Z] > git ls-files --stage -- /home/csmajs/mvong006/lab1/calc_task4.lex [11ms]
[2022-03-30T06:01:43.483Z] > git cat-file -s 41e763f0a9edf532f5c1f1ce2c0e57db4d5e8812 [2ms]
[2022-03-30T06:01:46.781Z] > git symbolic-ref --short HEAD [3ms]
[2022-03-30T06:01:46.790Z] > git for-each-ref --format=%(refname)%00%(upstream:short)%00%(objectname) refs/heads/master refs/remotes/master [5ms]
[2022-03-30T06:01:46.797Z] > git rev-list --left-right --count master...origin/master [2ms]
[2022-03-30T06:01:46.804Z] > git for-each-ref --sort -committerdate --format %(refname) %(objectname) %(*objectname) [4ms]
[2022-03-30T06:01:46.805Z] > git remote --verbose [2ms]
[2022-03-30T06:01:46.815Z] > git config --get commit.template [2ms]
[2022-03-30T06:04:32.957Z] > git ls-files --stage -- /home/csmajs/mvong006/lab1/calc_task4.lex [6ms]
[2022-03-30T06:04:32.965Z] > git cat-file -s 41e763f0a9edf532f5c1f1ce2c0e57db4d5e8812 [3ms]
[2022-03-30T06:04:33.373Z] > git symbolic-ref --short HEAD [2ms]
[2022-03-30T06:04:33.381Z] > git for-each-ref --format=%(refname)%00%(upstream:short)%00%(objectname) refs/heads/master refs/remotes/master [4ms]
[2022-03-30T06:04:33.387Z] > git rev-list --left-right --count master...origin/master [3ms]
[2022-03-30T06:04:33.394Z] > git for-each-ref --sort -committerdate --format %(refname) %(objectname) %(*objectname) [4ms]
[2022-03-30T06:04:33.396Z] > git remote --verbose [2ms]
[2022-03-30T06:04:33.403Z] > git config --get commit.template [2ms]
[2022-03-30T06:04:34.368Z] > git ls-files --stage -- /home/csmajs/mvong006/lab1/calc_task4.lex [11ms]
[2022-03-30T06:04:34.375Z] > git cat-file -s 41e763f0a9edf532f5c1f1ce2c0e57db4d5e8812 [3ms]
[2022-03-30T06:04:38.672Z] > git symbolic-ref --short HEAD [2ms]
[2022-03-30T06:04:38.681Z] > git for-each-ref --format=%(refname)%00%(upstream:short)%00%(objectname) refs/heads/master refs/remotes/master [6ms]
[2022-03-30T06:04:38.688Z] > git rev-list --left-right --count master...origin/master [4ms]
[2022-03-30T06:04:38.697Z] > git for-each-ref --sort -committerdate --format %(refname) %(objectname) %(*objectname) [4ms]
[2022-03-30T06:04:38.699Z] > git remote --verbose [3ms]
[2022-03-30T06:04:38.705Z] > git config --get commit.template [1ms]
[2022-03-30T06:04:39.704Z] > git ls-files --stage -- /home/csmajs/mvong006/lab1/calc_task4.lex [12ms]
[2022-03-30T06:04:39.710Z] > git cat-file -s 41e763f0a9edf532f5c1f1ce2c0e57db4d5e8812 [2ms]
[2022-03-30T06:05:47.768Z] > git symbolic-ref --short HEAD [2ms]
[2022-03-30T06:05:47.778Z] > git for-each-ref --format=%(refname)%00%(upstream:short)%00%(objectname) refs/heads/master refs/remotes/master [6ms]
[2022-03-30T06:05:47.785Z] > git rev-list --left-right --count master...origin/master [4ms]
[2022-03-30T06:05:47.793Z] > git for-each-ref --sort -committerdate --format %(refname) %(objectname) %(*objectname) [5ms]
[2022-03-30T06:05:47.794Z] > git remote --verbose [2ms]
[2022-03-30T06:05:47.802Z] > git config --get commit.template [3ms]
[2022-03-30T06:05:48.778Z] > git ls-files --stage -- /home/csmajs/mvong006/lab1/calc_task4.lex [11ms]
[2022-03-30T06:05:48.783Z] > git cat-file -s 41e763f0a9edf532f5c1f1ce2c0e57db4d5e8812 [2ms]
[2022-03-30T06:05:53.044Z] > git symbolic-ref --short HEAD [2ms]
[2022-03-30T06:05:53.052Z] > git for-each-ref --format=%(refname)%00%(upstream:short)%00%(objectname) refs/heads/master refs/remotes/master [4ms]
[2022-03-30T06:05:53.059Z] > git rev-list --left-right --count master...origin/master [4ms]
[2022-03-30T06:05:53.067Z] > git for-each-ref --sort -committerdate --format %(refname) %(objectname) %(*objectname) [5ms]
[2022-03-30T06:05:53.068Z] > git remote --verbose [2ms]
[2022-03-30T06:05:53.075Z] > git config --get commit.template [2ms]
[2022-03-30T06:05:54.096Z] > git ls-files --stage -- /home/csmajs/mvong006/lab1/calc_task4.lex [12ms]
[2022-03-30T06:05:54.102Z] > git cat-file -s 41e763f0a9edf532f5c1f1ce2c0e57db4d5e8812 [3ms]
[2022-03-30T06:05:58.326Z] > git symbolic-ref --short HEAD [3ms]
[2022-03-30T06:05:58.335Z] > git for-each-ref --format=%(refname)%00%(upstream:short)%00%(objectname) refs/heads/master refs/remotes/master [5ms]
[2022-03-30T06:05:58.343Z] > git rev-list --left-right --count master...origin/master [4ms]
[2022-03-30T06:05:58.351Z] > git for-each-ref --sort -committerdate --format %(refname) %(objectname) %(*objectname) [4ms]
[2022-03-30T06:05:58.352Z] > git remote --verbose [2ms]
[2022-03-30T06:05:58.359Z] > git config --get commit.template [2ms]
[2022-03-30T06:08:03.778Z] > git ls-files --stage -- /home/csmajs/mvong006/lab1/calc_task4.lex [6ms]
[2022-03-30T06:08:03.785Z] > git cat-file -s 41e763f0a9edf532f5c1f1ce2c0e57db4d5e8812 [3ms]
[2022-03-30T06:08:04.020Z] > git symbolic-ref --short HEAD [2ms]
[2022-03-30T06:08:04.027Z] > git for-each-ref --format=%(refname)%00%(upstream:short)%00%(objectname) refs/heads/master refs/remotes/master [4ms]
[2022-03-30T06:08:04.034Z] > git rev-list --left-right --count master...origin/master [3ms]
[2022-03-30T06:08:04.042Z] > git for-each-ref --sort -committerdate --format %(refname) %(objectname) %(*objectname) [5ms]
[2022-03-30T06:08:04.043Z] > git remote --verbose [2ms]
[2022-03-30T06:08:04.050Z] > git config --get commit.template [2ms]
[2022-03-30T06:08:05.064Z] > git ls-files --stage -- /home/csmajs/mvong006/lab1/calc_task4.lex [12ms]
[2022-03-30T06:08:05.070Z] > git cat-file -s 41e763f0a9edf532f5c1f1ce2c0e57db4d5e8812 [3ms]
[2022-03-30T06:08:09.360Z] > git symbolic-ref --short HEAD [2ms]
[2022-03-30T06:08:09.368Z] > git for-each-ref --format=%(refname)%00%(upstream:short)%00%(objectname) refs/heads/master refs/remotes/master [4ms]
[2022-03-30T06:08:09.375Z] > git rev-list --left-right --count master...origin/master [3ms]
[2022-03-30T06:08:09.383Z] > git for-each-ref --sort -committerdate --format %(refname) %(objectname) %(*objectname) [4ms]
[2022-03-30T06:08:09.385Z] > git remote --verbose [3ms]
[2022-03-30T06:08:09.392Z] > git config --get commit.template [2ms]
[2022-03-30T06:08:10.370Z] > git ls-files --stage -- /home/csmajs/mvong006/.gitignore [8ms]
[2022-03-30T06:08:14.659Z] > git symbolic-ref --short HEAD [2ms]
[2022-03-30T06:08:14.669Z] > git for-each-ref --format=%(refname)%00%(upstream:short)%00%(objectname) refs/heads/master refs/remotes/master [6ms]
[2022-03-30T06:08:14.676Z] > git rev-list --left-right --count master...origin/master [4ms]
[2022-03-30T06:08:14.684Z] > git for-each-ref --sort -committerdate --format %(refname) %(objectname) %(*objectname) [4ms]
[2022-03-30T06:08:14.686Z] > git remote --verbose [3ms]
[2022-03-30T06:08:14.693Z] > git config --get commit.template [2ms]
[2022-03-30T06:08:15.699Z] > git ls-files --stage -- /home/csmajs/mvong006/.gitignore [12ms]
[2022-03-30T06:08:19.990Z] > git symbolic-ref --short HEAD [2ms]
[2022-03-30T06:08:19.998Z] > git for-each-ref --format=%(refname)%00%(upstream:short)%00%(objectname) refs/heads/master refs/remotes/master [4ms]
[2022-03-30T06:08:20.004Z] > git rev-list --left-right --count master...origin/master [3ms]
[2022-03-30T06:08:20.013Z] > git for-each-ref --sort -committerdate --format %(refname) %(objectname) %(*objectname) [4ms]
[2022-03-30T06:08:20.014Z] > git remote --verbose [2ms]
[2022-03-30T06:08:20.020Z] > git config --get commit.template [1ms]
[2022-03-30T06:08:21.084Z] > git ls-files --stage -- /home/csmajs/mvong006/.gitignore [12ms]
[2022-03-30T06:08:25.320Z] > git symbolic-ref --short HEAD [2ms]
[2022-03-30T06:08:25.328Z] > git for-each-ref --format=%(refname)%00%(upstream:short)%00%(objectname) refs/heads/master refs/remotes/master [3ms]
[2022-03-30T06:08:25.334Z] > git rev-list --left-right --count master...origin/master [3ms]
[2022-03-30T06:08:25.342Z] > git for-each-ref --sort -committerdate --format %(refname) %(objectname) %(*objectname) [5ms]
[2022-03-30T06:08:25.343Z] > git remote --verbose [2ms]
[2022-03-30T06:08:25.350Z] > git config --get commit.template [2ms]
[2022-03-30T06:08:26.330Z] > git ls-files --stage -- /home/csmajs/mvong006/.gitignore [11ms]
[2022-03-30T06:08:30.613Z] > git symbolic-ref --short HEAD [2ms]
[2022-03-30T06:08:30.621Z] > git for-each-ref --format=%(refname)%00%(upstream:short)%00%(objectname) refs/heads/master refs/remotes/master [4ms]
[2022-03-30T06:08:30.627Z] > git rev-list --left-right --count master...origin/master [3ms]
[2022-03-30T06:08:30.635Z] > git for-each-ref --sort -committerdate --format %(refname) %(objectname) %(*objectname) [5ms]
[2022-03-30T06:08:30.636Z] > git remote --verbose [2ms]
[2022-03-30T06:08:30.642Z] > git config --get commit.template [1ms]
[2022-03-30T06:08:31.672Z] > git ls-files --stage -- /home/csmajs/mvong006/.gitignore [11ms]
[2022-03-30T06:08:35.929Z] > git symbolic-ref --short HEAD [3ms]
[2022-03-30T06:08:35.937Z] > git for-each-ref --format=%(refname)%00%(upstream:short)%00%(objectname) refs/heads/master refs/remotes/master [5ms]
[2022-03-30T06:08:35.944Z] > git rev-list --left-right --count master...origin/master [3ms]
[2022-03-30T06:08:35.953Z] > git for-each-ref --sort -committerdate --format %(refname) %(objectname) %(*objectname) [5ms]
[2022-03-30T06:08:35.954Z] > git remote --verbose [2ms]
[2022-03-30T06:08:35.961Z] > git config --get commit.template [2ms]
[2022-03-30T06:08:36.947Z] > git ls-files --stage -- /home/csmajs/mvong006/.gitignore [11ms]
[2022-03-30T06:08:41.245Z] > git symbolic-ref --short HEAD [2ms]
[2022-03-30T06:08:41.253Z] > git for-each-ref --format=%(refname)%00%(upstream:short)%00%(objectname) refs/heads/master refs/remotes/master [4ms]
[2022-03-30T06:08:41.260Z] > git rev-list --left-right --count master...origin/master [3ms]
[2022-03-30T06:08:41.269Z] > git for-each-ref --sort -committerdate --format %(refname) %(objectname) %(*objectname) [4ms]
[2022-03-30T06:08:41.271Z] > git remote --verbose [3ms]
[2022-03-30T06:08:41.278Z] > git config --get commit.template [2ms]
[2022-03-30T06:08:42.274Z] > git ls-files --stage -- /home/csmajs/mvong006/.gitignore [11ms]
[2022-03-30T06:08:46.578Z] > git symbolic-ref --short HEAD [2ms]
[2022-03-30T06:08:46.586Z] > git for-each-ref --format=%(refname)%00%(upstream:short)%00%(objectname) refs/heads/master refs/remotes/master [4ms]
[2022-03-30T06:08:46.592Z] > git rev-list --left-right --count master...origin/master [3ms]
[2022-03-30T06:08:46.600Z] > git for-each-ref --sort -committerdate --format %(refname) %(objectname) %(*objectname) [4ms]
[2022-03-30T06:08:46.602Z] > git remote --verbose [2ms]
[2022-03-30T06:08:46.608Z] > git config --get commit.template [1ms]
[2022-03-30T06:08:47.866Z] > git ls-files --stage -- /home/csmajs/mvong006/.gitignore [46ms]
[2022-03-30T06:08:51.897Z] > git symbolic-ref --short HEAD [2ms]
[2022-03-30T06:08:51.905Z] > git for-each-ref --format=%(refname)%00%(upstream:short)%00%(objectname) refs/heads/master refs/remotes/master [5ms]
[2022-03-30T06:08:51.911Z] > git rev-list --left-right --count master...origin/master [3ms]
[2022-03-30T06:08:51.919Z] > git for-each-ref --sort -committerdate --format %(refname) %(objectname) %(*objectname) [4ms]
[2022-03-30T06:08:51.920Z] > git remote --verbose [2ms]
[2022-03-30T06:08:51.927Z] > git config --get commit.template [2ms]
[2022-03-30T06:08:52.921Z] > git ls-files --stage -- /home/csmajs/mvong006/.gitignore [11ms]
[2022-03-30T06:08:57.227Z] > git symbolic-ref --short HEAD [2ms]
[2022-03-30T06:08:57.235Z] > git for-each-ref --format=%(refname)%00%(upstream:short)%00%(objectname) refs/heads/master refs/remotes/master [4ms]
[2022-03-30T06:08:57.241Z] > git rev-list --left-right --count master...origin/master [3ms]
[2022-03-30T06:08:57.250Z] > git for-each-ref --sort -committerdate --format %(refname) %(objectname) %(*objectname) [5ms]
[2022-03-30T06:08:57.251Z] > git remote --verbose [2ms]
[2022-03-30T06:08:57.258Z] > git config --get commit.template [2ms]
[2022-03-30T06:08:58.231Z] > git ls-files --stage -- /home/csmajs/mvong006/.gitignore [12ms]
[2022-03-30T06:09:02.538Z] > git symbolic-ref --short HEAD [2ms]
[2022-03-30T06:09:02.545Z] > git for-each-ref --format=%(refname)%00%(upstream:short)%00%(objectname) refs/heads/master refs/remotes/master [4ms]
[2022-03-30T06:09:02.551Z] > git rev-list --left-right --count master...origin/master [2ms]
[2022-03-30T06:09:02.559Z] > git for-each-ref --sort -committerdate --format %(refname) %(objectname) %(*objectname) [4ms]
[2022-03-30T06:09:02.561Z] > git remote --verbose [3ms]
[2022-03-30T06:09:02.567Z] > git config --get commit.template [2ms]
[2022-03-30T06:09:03.565Z] > git ls-files --stage -- /home/csmajs/mvong006/.gitignore [12ms]
[2022-03-30T06:09:07.869Z] > git symbolic-ref --short HEAD [2ms]
[2022-03-30T06:09:07.876Z] > git for-each-ref --format=%(refname)%00%(upstream:short)%00%(objectname) refs/heads/master refs/remotes/master [4ms]
[2022-03-30T06:09:07.883Z] > git rev-list --left-right --count master...origin/master [3ms]
[2022-03-30T06:09:07.924Z] > git for-each-ref --sort -committerdate --format %(refname) %(objectname) %(*objectname) [38ms]
[2022-03-30T06:09:07.924Z] > git remote --verbose [35ms]
[2022-03-30T06:09:07.931Z] > git config --get commit.template [2ms]
[2022-03-30T06:09:08.873Z] > git ls-files --stage -- /home/csmajs/mvong006/.gitignore [12ms]
[2022-03-30T06:09:13.177Z] > git symbolic-ref --short HEAD [3ms]
[2022-03-30T06:09:13.185Z] > git for-each-ref --format=%(refname)%00%(upstream:short)%00%(objectname) refs/heads/master refs/remotes/master [5ms]
[2022-03-30T06:09:13.192Z] > git rev-list --left-right --count master...origin/master [3ms]
[2022-03-30T06:09:13.200Z] > git for-each-ref --sort -committerdate --format %(refname) %(objectname) %(*objectname) [4ms]
[2022-03-30T06:09:13.201Z] > git remote --verbose [2ms]
[2022-03-30T06:09:13.208Z] > git config --get commit.template [2ms]
[2022-03-30T06:09:14.193Z] > git ls-files --stage -- /home/csmajs/mvong006/.gitignore [11ms]
[2022-03-30T06:09:18.537Z] > git symbolic-ref --short HEAD [2ms]
[2022-03-30T06:09:18.544Z] > git for-each-ref --format=%(refname)%00%(upstream:short)%00%(objectname) refs/heads/master refs/remotes/master [3ms]
[2022-03-30T06:09:18.551Z] > git rev-list --left-right --count master...origin/master [3ms]
[2022-03-30T06:09:18.559Z] > git for-each-ref --sort -committerdate --format %(refname) %(objectname) %(*objectname) [5ms]
[2022-03-30T06:09:18.560Z] > git remote --verbose [3ms]
[2022-03-30T06:09:18.566Z] > git config --get commit.template [1ms]
[2022-03-30T06:09:19.507Z] > git ls-files --stage -- /home/csmajs/mvong006/.gitignore [11ms]
[2022-03-30T06:09:23.865Z] > git symbolic-ref --short HEAD [2ms]
[2022-03-30T06:09:23.873Z] > git for-each-ref --format=%(refname)%00%(upstream:short)%00%(objectname) refs/heads/master refs/remotes/master [3ms]
[2022-03-30T06:09:23.879Z] > git rev-list --left-right --count master...origin/master [3ms]
[2022-03-30T06:09:23.887Z] > git for-each-ref --sort -committerdate --format %(refname) %(objectname) %(*objectname) [4ms]
[2022-03-30T06:09:23.888Z] > git remote --verbose [2ms]
[2022-03-30T06:09:23.895Z] > git config --get commit.template [2ms]
[2022-03-30T06:09:24.854Z] > git ls-files --stage -- /home/csmajs/mvong006/.gitignore [11ms]
[2022-03-30T06:09:28.528Z] > git ls-files --stage -- /home/csmajs/mvong006/lab1/calc_task4.lex [5ms]
[2022-03-30T06:09:28.535Z] > git cat-file -s 41e763f0a9edf532f5c1f1ce2c0e57db4d5e8812 [2ms]
[2022-03-30T06:09:29.178Z] > git symbolic-ref --short HEAD [2ms]
[2022-03-30T06:09:29.187Z] > git for-each-ref --format=%(refname)%00%(upstream:short)%00%(objectname) refs/heads/master refs/remotes/master [5ms]
[2022-03-30T06:09:29.195Z] > git rev-list --left-right --count master...origin/master [4ms]
[2022-03-30T06:09:29.204Z] > git for-each-ref --sort -committerdate --format %(refname) %(objectname) %(*objectname) [6ms]
[2022-03-30T06:09:29.204Z] > git remote --verbose [2ms]
[2022-03-30T06:09:29.212Z] > git config --get commit.template [2ms]
[2022-03-30T06:09:30.197Z] > git ls-files --stage -- /home/csmajs/mvong006/lab1/calc_task4.lex [11ms]
[2022-03-30T06:09:30.203Z] > git cat-file -s 41e763f0a9edf532f5c1f1ce2c0e57db4d5e8812 [2ms]
[2022-03-30T06:09:38.506Z] > git symbolic-ref --short HEAD [2ms]
[2022-03-30T06:09:38.514Z] > git for-each-ref --format=%(refname)%00%(upstream:short)%00%(objectname) refs/heads/master refs/remotes/master [4ms]
[2022-03-30T06:09:38.520Z] > git rev-list --left-right --count master...origin/master [3ms]
[2022-03-30T06:09:38.528Z] > git for-each-ref --sort -committerdate --format %(refname) %(objectname) %(*objectname) [5ms]
[2022-03-30T06:09:38.529Z] > git remote --verbose [2ms]
[2022-03-30T06:09:38.535Z] > git config --get commit.template [1ms]
[2022-03-30T06:09:39.516Z] > git ls-files --stage -- /home/csmajs/mvong006/lab1/calc_task4.lex [12ms]
[2022-03-30T06:09:39.523Z] > git cat-file -s 41e763f0a9edf532f5c1f1ce2c0e57db4d5e8812 [3ms]
[2022-03-30T06:09:43.812Z] > git symbolic-ref --short HEAD [2ms]
[2022-03-30T06:09:43.819Z] > git for-each-ref --format=%(refname)%00%(upstream:short)%00%(objectname) refs/heads/master refs/remotes/master [3ms]
[2022-03-30T06:09:43.826Z] > git rev-list --left-right --count master...origin/master [3ms]
[2022-03-30T06:09:43.833Z] > git for-each-ref --sort -committerdate --format %(refname) %(objectname) %(*objectname) [4ms]
[2022-03-30T06:09:43.835Z] > git remote --verbose [2ms]
[2022-03-30T06:09:43.842Z] > git config --get commit.template [1ms]
[2022-03-30T06:09:44.803Z] > git ls-files --stage -- /home/csmajs/mvong006/lab1/calc_task4.lex [11ms]
[2022-03-30T06:09:44.809Z] > git cat-file -s 41e763f0a9edf532f5c1f1ce2c0e57db4d5e8812 [2ms]
[2022-03-30T06:09:49.093Z] > git symbolic-ref --short HEAD [3ms]
[2022-03-30T06:09:49.102Z] > git for-each-ref --format=%(refname)%00%(upstream:short)%00%(objectname) refs/heads/master refs/remotes/master [6ms]
[2022-03-30T06:09:49.109Z] > git rev-list --left-right --count master...origin/master [4ms]
[2022-03-30T06:09:49.117Z] > git for-each-ref --sort -committerdate --format %(refname) %(objectname) %(*objectname) [5ms]
[2022-03-30T06:09:49.118Z] > git remote --verbose [2ms]
[2022-03-30T06:09:49.125Z] > git config --get commit.template [2ms]
[2022-03-30T06:09:50.140Z] > git ls-files --stage -- /home/csmajs/mvong006/lab1/calc_task4.lex [11ms]
[2022-03-30T06:09:50.146Z] > git cat-file -s 41e763f0a9edf532f5c1f1ce2c0e57db4d5e8812 [2ms]
