[2022-03-29 22:53:30.857] [exthost] [info] Extension host with pid 27650 started
[2022-03-29 22:53:30.862] [exthost] [info] Lock '/home/csmajs/mvong006/.vscode-server/data/User/workspaceStorage/8523fd431308b74ba5933c0564131470/vscode.lock': Lock acquired.
[2022-03-29 22:53:30.900] [exthost] [info] ExtensionService#_doActivateExtension vscode.debug-auto-launch, startup: true, activationEvent: '*'
[2022-03-29 22:53:30.908] [exthost] [info] ExtensionService#_doActivateExtension vscode.git-base, startup: true, activationEvent: '*', root cause: vscode.github
[2022-03-29 22:53:30.914] [exthost] [info] ExtensionService#_doActivateExtension vscode.ipynb, startup: true, activationEvent: '*'
[2022-03-29 22:53:30.956] [exthost] [info] ExtensionService#_doActivateExtension vscode.github, startup: true, activationEvent: '*'
[2022-03-29 22:53:31.001] [exthost] [info] ExtensionService#_doActivateExtension vscode.emmet, startup: false, activationEvent: 'onStartupFinished'
[2022-03-29 22:53:31.025] [exthost] [info] ExtensionService#_doActivateExtension vscode.merge-conflict, startup: false, activationEvent: 'onStartupFinished'
[2022-03-29 22:53:31.030] [exthost] [info] Eager extensions activated
[2022-03-29 22:53:34.945] [exthost] [info] ExtensionService#_doActivateExtension vscode.git, startup: false, activationEvent: 'api', root cause: vscode.github
[2022-03-29 22:57:10.291] [exthost] [warning] [Decorations] CAPPING events from decorations provider vscode.git 3034
[2022-03-29 22:57:15.587] [exthost] [warning] [Decorations] CAPPING events from decorations provider vscode.git 3034
[2022-03-29 22:57:20.884] [exthost] [warning] [Decorations] CAPPING events from decorations provider vscode.git 3034
[2022-03-29 22:57:26.716] [exthost] [warning] [Decorations] CAPPING events from decorations provider vscode.git 3034
[2022-03-29 22:57:32.022] [exthost] [warning] [Decorations] CAPPING events from decorations provider vscode.git 3034
[2022-03-29 22:57:55.625] [exthost] [warning] [Decorations] CAPPING events from decorations provider vscode.git 3034
[2022-03-29 22:58:09.188] [exthost] [warning] [Decorations] CAPPING events from decorations provider vscode.git 3034
[2022-03-29 22:58:14.499] [exthost] [warning] [Decorations] CAPPING events from decorations provider vscode.git 3034
[2022-03-29 22:58:19.799] [exthost] [warning] [Decorations] CAPPING events from decorations provider vscode.git 3034
[2022-03-29 22:58:25.132] [exthost] [warning] [Decorations] CAPPING events from decorations provider vscode.git 3034
[2022-03-29 22:58:41.255] [exthost] [warning] [Decorations] CAPPING events from decorations provider vscode.git 3034
[2022-03-29 22:58:46.585] [exthost] [warning] [Decorations] CAPPING events from decorations provider vscode.git 3034
[2022-03-29 22:58:51.908] [exthost] [warning] [Decorations] CAPPING events from decorations provider vscode.git 3034
[2022-03-29 22:58:58.747] [exthost] [warning] [Decorations] CAPPING events from decorations provider vscode.git 3035
[2022-03-29 22:59:03.725] [exthost] [info] ExtensionService#_doActivateExtension vscode.configuration-editing, startup: false, activationEvent: 'onLanguage:jsonc'
[2022-03-29 22:59:03.744] [exthost] [info] ExtensionService#_doActivateExtension vscode.json-language-features, startup: false, activationEvent: 'onLanguage:jsonc'
[2022-03-29 22:59:03.824] [exthost] [info] ExtensionService#_doActivateExtension vscode.typescript-language-features, startup: false, activationEvent: 'onLanguage:jsonc'
[2022-03-29 22:59:04.188] [exthost] [warning] [Decorations] CAPPING events from decorations provider vscode.git 3034
[2022-03-29 22:59:09.493] [exthost] [warning] [Decorations] CAPPING events from decorations provider vscode.git 3039
[2022-03-29 22:59:14.820] [exthost] [warning] [Decorations] CAPPING events from decorations provider vscode.git 3037
[2022-03-29 22:59:20.138] [exthost] [warning] [Decorations] CAPPING events from decorations provider vscode.git 3036
[2022-03-29 22:59:24.599] [exthost] [warning] [Decorations] CAPPING events from decorations provider vscode.git 3035
[2022-03-29 22:59:29.934] [exthost] [warning] [Decorations] CAPPING events from decorations provider vscode.git 3035
[2022-03-29 22:59:37.109] [exthost] [warning] [Decorations] CAPPING events from decorations provider vscode.git 3035
[2022-03-29 22:59:45.093] [exthost] [warning] [Decorations] CAPPING events from decorations provider vscode.git 3035
[2022-03-29 22:59:50.447] [exthost] [warning] [Decorations] CAPPING events from decorations provider vscode.git 3035
[2022-03-29 22:59:55.795] [exthost] [warning] [Decorations] CAPPING events from decorations provider vscode.git 3035
[2022-03-29 23:00:02.754] [exthost] [warning] [Decorations] CAPPING events from decorations provider vscode.git 3035
